build-SecureSignIn-Qt-Android_for_arm64_v8a_Clang_Qt_5_12_2_for_Android_ARM64_v8a-Debug/android-build/build/outputs/logs/manifest-merger-debug-report.txt
-- Merging decision tree log ---
manifest
ADDED from build-SecureSignIn-Qt-Android_for_arm64_v8a_Clang_Qt_5_12_2_for_Android_ARM64_v8a-Debug/android-build/AndroidManifest.xml:2:1-85:12
INJECTED from build-SecureSignIn-Qt-Android_for_arm64_v8a_Clang_Qt_5_12_2_for_Android_ARM64_v8a-Debug/android-build/AndroidManifest.xml:2:1-85:12
INJECTED from build-SecureSignIn-Qt-Android_for_arm64_v8a_Clang_Qt_5_12_2_for_Android_ARM64_v8a-Debug/android-build/AndroidManifest.xml:2:1-85:12
INJECTED from build-SecureSignIn-Qt-Android_for_arm64_v8a_Clang_Qt_5_12_2_for_Android_ARM64_v8a-Debug/android-build/AndroidManifest.xml:2:1-85:12
INJECTED from build-SecureSignIn-Qt-Android_for_arm64_v8a_Clang_Qt_5_12_2_for_Android_ARM64_v8a-Debug/android-build/AndroidManifest.xml:2:1-85:12
	package
		ADDED from build-SecureSignIn-Qt-Android_for_arm64_v8a_Clang_Qt_5_12_2_for_Android_ARM64_v8a-Debug/android-build/AndroidManifest.xml:2:11-41
	android:versionName
		ADDED from build-SecureSignIn-Qt-Android_for_arm64_v8a_Clang_Qt_5_12_2_for_Android_ARM64_v8a-Debug/android-build/AndroidManifest.xml:2:101-126
		INJECTED from build-SecureSignIn-Qt-Android_for_arm64_v8a_Clang_Qt_5_12_2_for_Android_ARM64_v8a-Debug/android-build/AndroidManifest.xml
		INJECTED from build-SecureSignIn-Qt-Android_for_arm64_v8a_Clang_Qt_5_12_2_for_Android_ARM64_v8a-Debug/android-build/AndroidManifest.xml
	xmlns:android
		ADDED from build-SecureSignIn-Qt-Android_for_arm64_v8a_Clang_Qt_5_12_2_for_Android_ARM64_v8a-Debug/android-build/AndroidManifest.xml:2:42-100
	android:versionCode
		ADDED from build-SecureSignIn-Qt-Android_for_arm64_v8a_Clang_Qt_5_12_2_for_Android_ARM64_v8a-Debug/android-build/AndroidManifest.xml:2:127-150
		INJECTED from build-SecureSignIn-Qt-Android_for_arm64_v8a_Clang_Qt_5_12_2_for_Android_ARM64_v8a-Debug/android-build/AndroidManifest.xml
		INJECTED from build-SecureSignIn-Qt-Android_for_arm64_v8a_Clang_Qt_5_12_2_for_Android_ARM64_v8a-Debug/android-build/AndroidManifest.xml
	android:installLocation
		ADDED from build-SecureSignIn-Qt-Android_for_arm64_v8a_Clang_Qt_5_12_2_for_Android_ARM64_v8a-Debug/android-build/AndroidManifest.xml:2:151-181
uses-sdk
ADDED from build-SecureSignIn-Qt-Android_for_arm64_v8a_Clang_Qt_5_12_2_for_Android_ARM64_v8a-Debug/android-build/AndroidManifest.xml:3:5-73
	android:targetSdkVersion
		ADDED from build-SecureSignIn-Qt-Android_for_arm64_v8a_Clang_Qt_5_12_2_for_Android_ARM64_v8a-Debug/android-build/AndroidManifest.xml:3:42-71
	android:minSdkVersion
		ADDED from build-SecureSignIn-Qt-Android_for_arm64_v8a_Clang_Qt_5_12_2_for_Android_ARM64_v8a-Debug/android-build/AndroidManifest.xml:3:15-41
uses-feature#0x00020000
ADDED from build-SecureSignIn-Qt-Android_for_arm64_v8a_Clang_Qt_5_12_2_for_Android_ARM64_v8a-Debug/android-build/AndroidManifest.xml:14:2-74
	android:glEsVersion
		ADDED from build-SecureSignIn-Qt-Android_for_arm64_v8a_Clang_Qt_5_12_2_for_Android_ARM64_v8a-Debug/android-build/AndroidManifest.xml:14:16-48
	android:required
		ADDED from build-SecureSignIn-Qt-Android_for_arm64_v8a_Clang_Qt_5_12_2_for_Android_ARM64_v8a-Debug/android-build/AndroidManifest.xml:14:49-72
supports-screens
ADDED from build-SecureSignIn-Qt-Android_for_arm64_v8a_Clang_Qt_5_12_2_for_Android_ARM64_v8a-Debug/android-build/AndroidManifest.xml:16:5-135
	android:largeScreens
		ADDED from build-SecureSignIn-Qt-Android_for_arm64_v8a_Clang_Qt_5_12_2_for_Android_ARM64_v8a-Debug/android-build/AndroidManifest.xml:16:23-50
	android:smallScreens
		ADDED from build-SecureSignIn-Qt-Android_for_arm64_v8a_Clang_Qt_5_12_2_for_Android_ARM64_v8a-Debug/android-build/AndroidManifest.xml:16:106-133
	android:normalScreens
		ADDED from build-SecureSignIn-Qt-Android_for_arm64_v8a_Clang_Qt_5_12_2_for_Android_ARM64_v8a-Debug/android-build/AndroidManifest.xml:16:51-79
	android:anyDensity
		ADDED from build-SecureSignIn-Qt-Android_for_arm64_v8a_Clang_Qt_5_12_2_for_Android_ARM64_v8a-Debug/android-build/AndroidManifest.xml:16:80-105
application
ADDED from build-SecureSignIn-Qt-Android_for_arm64_v8a_Clang_Qt_5_12_2_for_Android_ARM64_v8a-Debug/android-build/AndroidManifest.xml:18:5-83:19
	android:label
		ADDED from build-SecureSignIn-Qt-Android_for_arm64_v8a_Clang_Qt_5_12_2_for_Android_ARM64_v8a-Debug/android-build/AndroidManifest.xml:18:117-147
	android:hardwareAccelerated
		ADDED from build-SecureSignIn-Qt-Android_for_arm64_v8a_Clang_Qt_5_12_2_for_Android_ARM64_v8a-Debug/android-build/AndroidManifest.xml:18:18-52
	android:icon
		ADDED from build-SecureSignIn-Qt-Android_for_arm64_v8a_Clang_Qt_5_12_2_for_Android_ARM64_v8a-Debug/android-build/AndroidManifest.xml:18:148-177
	android:name
		ADDED from build-SecureSignIn-Qt-Android_for_arm64_v8a_Clang_Qt_5_12_2_for_Android_ARM64_v8a-Debug/android-build/AndroidManifest.xml:18:53-116
activity#org.qtproject.qt5.android.bindings.QtActivity
ADDED from build-SecureSignIn-Qt-Android_for_arm64_v8a_Clang_Qt_5_12_2_for_Android_ARM64_v8a-Debug/android-build/AndroidManifest.xml:19:2-79:16
	android:screenOrientation
		ADDED from build-SecureSignIn-Qt-Android_for_arm64_v8a_Clang_Qt_5_12_2_for_Android_ARM64_v8a-Debug/android-build/AndroidManifest.xml:19:274-316
	android:label
		ADDED from build-SecureSignIn-Qt-Android_for_arm64_v8a_Clang_Qt_5_12_2_for_Android_ARM64_v8a-Debug/android-build/AndroidManifest.xml:19:243-273
	android:launchMode
		ADDED from build-SecureSignIn-Qt-Android_for_arm64_v8a_Clang_Qt_5_12_2_for_Android_ARM64_v8a-Debug/android-build/AndroidManifest.xml:19:317-347
	android:configChanges
		ADDED from build-SecureSignIn-Qt-Android_for_arm64_v8a_Clang_Qt_5_12_2_for_Android_ARM64_v8a-Debug/android-build/AndroidManifest.xml:19:12-181
	android:name
		ADDED from build-SecureSignIn-Qt-Android_for_arm64_v8a_Clang_Qt_5_12_2_for_Android_ARM64_v8a-Debug/android-build/AndroidManifest.xml:19:182-242
intent-filter#action:name:android.intent.action.MAIN+category:name:android.intent.category.LAUNCHER
ADDED from build-SecureSignIn-Qt-Android_for_arm64_v8a_Clang_Qt_5_12_2_for_Android_ARM64_v8a-Debug/android-build/AndroidManifest.xml:20:6-23:22
action#android.intent.action.MAIN
ADDED from build-SecureSignIn-Qt-Android_for_arm64_v8a_Clang_Qt_5_12_2_for_Android_ARM64_v8a-Debug/android-build/AndroidManifest.xml:21:3-54
	android:name
		ADDED from build-SecureSignIn-Qt-Android_for_arm64_v8a_Clang_Qt_5_12_2_for_Android_ARM64_v8a-Debug/android-build/AndroidManifest.xml:21:11-52
category#android.intent.category.LAUNCHER
ADDED from build-SecureSignIn-Qt-Android_for_arm64_v8a_Clang_Qt_5_12_2_for_Android_ARM64_v8a-Debug/android-build/AndroidManifest.xml:22:3-62
	android:name
		ADDED from build-SecureSignIn-Qt-Android_for_arm64_v8a_Clang_Qt_5_12_2_for_Android_ARM64_v8a-Debug/android-build/AndroidManifest.xml:22:13-60
meta-data#android.app.lib_name
ADDED from build-SecureSignIn-Qt-Android_for_arm64_v8a_Clang_Qt_5_12_2_for_Android_ARM64_v8a-Debug/android-build/AndroidManifest.xml:29:6-86
	android:value
		ADDED from build-SecureSignIn-Qt-Android_for_arm64_v8a_Clang_Qt_5_12_2_for_Android_ARM64_v8a-Debug/android-build/AndroidManifest.xml:29:53-84
	android:name
		ADDED from build-SecureSignIn-Qt-Android_for_arm64_v8a_Clang_Qt_5_12_2_for_Android_ARM64_v8a-Debug/android-build/AndroidManifest.xml:29:17-52
meta-data#android.app.qt_sources_resource_id
ADDED from build-SecureSignIn-Qt-Android_for_arm64_v8a_Clang_Qt_5_12_2_for_Android_ARM64_v8a-Debug/android-build/AndroidManifest.xml:30:6-105
	android:resource
		ADDED from build-SecureSignIn-Qt-Android_for_arm64_v8a_Clang_Qt_5_12_2_for_Android_ARM64_v8a-Debug/android-build/AndroidManifest.xml:30:67-103
	android:name
		ADDED from build-SecureSignIn-Qt-Android_for_arm64_v8a_Clang_Qt_5_12_2_for_Android_ARM64_v8a-Debug/android-build/AndroidManifest.xml:30:17-66
meta-data#android.app.repository
ADDED from build-SecureSignIn-Qt-Android_for_arm64_v8a_Clang_Qt_5_12_2_for_Android_ARM64_v8a-Debug/android-build/AndroidManifest.xml:31:6-80
	android:value
		ADDED from build-SecureSignIn-Qt-Android_for_arm64_v8a_Clang_Qt_5_12_2_for_Android_ARM64_v8a-Debug/android-build/AndroidManifest.xml:31:55-78
	android:name
		ADDED from build-SecureSignIn-Qt-Android_for_arm64_v8a_Clang_Qt_5_12_2_for_Android_ARM64_v8a-Debug/android-build/AndroidManifest.xml:31:17-54
meta-data#android.app.qt_libs_resource_id
ADDED from build-SecureSignIn-Qt-Android_for_arm64_v8a_Clang_Qt_5_12_2_for_Android_ARM64_v8a-Debug/android-build/AndroidManifest.xml:32:6-99
	android:resource
		ADDED from build-SecureSignIn-Qt-Android_for_arm64_v8a_Clang_Qt_5_12_2_for_Android_ARM64_v8a-Debug/android-build/AndroidManifest.xml:32:64-97
	android:name
		ADDED from build-SecureSignIn-Qt-Android_for_arm64_v8a_Clang_Qt_5_12_2_for_Android_ARM64_v8a-Debug/android-build/AndroidManifest.xml:32:17-63
meta-data#android.app.bundled_libs_resource_id
ADDED from build-SecureSignIn-Qt-Android_for_arm64_v8a_Clang_Qt_5_12_2_for_Android_ARM64_v8a-Debug/android-build/AndroidManifest.xml:33:6-109
	android:resource
		ADDED from build-SecureSignIn-Qt-Android_for_arm64_v8a_Clang_Qt_5_12_2_for_Android_ARM64_v8a-Debug/android-build/AndroidManifest.xml:33:69-107
	android:name
		ADDED from build-SecureSignIn-Qt-Android_for_arm64_v8a_Clang_Qt_5_12_2_for_Android_ARM64_v8a-Debug/android-build/AndroidManifest.xml:33:17-68
meta-data#android.app.bundle_local_qt_libs
ADDED from build-SecureSignIn-Qt-Android_for_arm64_v8a_Clang_Qt_5_12_2_for_Android_ARM64_v8a-Debug/android-build/AndroidManifest.xml:35:6-84
	android:value
		ADDED from build-SecureSignIn-Qt-Android_for_arm64_v8a_Clang_Qt_5_12_2_for_Android_ARM64_v8a-Debug/android-build/AndroidManifest.xml:35:65-82
	android:name
		ADDED from build-SecureSignIn-Qt-Android_for_arm64_v8a_Clang_Qt_5_12_2_for_Android_ARM64_v8a-Debug/android-build/AndroidManifest.xml:35:17-64
meta-data#android.app.bundled_in_lib_resource_id
ADDED from build-SecureSignIn-Qt-Android_for_arm64_v8a_Clang_Qt_5_12_2_for_Android_ARM64_v8a-Debug/android-build/AndroidManifest.xml:36:6-113
	android:resource
		ADDED from build-SecureSignIn-Qt-Android_for_arm64_v8a_Clang_Qt_5_12_2_for_Android_ARM64_v8a-Debug/android-build/AndroidManifest.xml:36:71-111
	android:name
		ADDED from build-SecureSignIn-Qt-Android_for_arm64_v8a_Clang_Qt_5_12_2_for_Android_ARM64_v8a-Debug/android-build/AndroidManifest.xml:36:17-70
meta-data#android.app.bundled_in_assets_resource_id
ADDED from build-SecureSignIn-Qt-Android_for_arm64_v8a_Clang_Qt_5_12_2_for_Android_ARM64_v8a-Debug/android-build/AndroidManifest.xml:37:6-119
	android:resource
		ADDED from build-SecureSignIn-Qt-Android_for_arm64_v8a_Clang_Qt_5_12_2_for_Android_ARM64_v8a-Debug/android-build/AndroidManifest.xml:37:74-117
	android:name
		ADDED from build-SecureSignIn-Qt-Android_for_arm64_v8a_Clang_Qt_5_12_2_for_Android_ARM64_v8a-Debug/android-build/AndroidManifest.xml:37:17-73
meta-data#android.app.use_local_qt_libs
ADDED from build-SecureSignIn-Qt-Android_for_arm64_v8a_Clang_Qt_5_12_2_for_Android_ARM64_v8a-Debug/android-build/AndroidManifest.xml:39:6-81
	android:value
		ADDED from build-SecureSignIn-Qt-Android_for_arm64_v8a_Clang_Qt_5_12_2_for_Android_ARM64_v8a-Debug/android-build/AndroidManifest.xml:39:62-79
	android:name
		ADDED from build-SecureSignIn-Qt-Android_for_arm64_v8a_Clang_Qt_5_12_2_for_Android_ARM64_v8a-Debug/android-build/AndroidManifest.xml:39:17-61
meta-data#android.app.libs_prefix
ADDED from build-SecureSignIn-Qt-Android_for_arm64_v8a_Clang_Qt_5_12_2_for_Android_ARM64_v8a-Debug/android-build/AndroidManifest.xml:40:6-93
	android:value
		ADDED from build-SecureSignIn-Qt-Android_for_arm64_v8a_Clang_Qt_5_12_2_for_Android_ARM64_v8a-Debug/android-build/AndroidManifest.xml:40:56-91
	android:name
		ADDED from build-SecureSignIn-Qt-Android_for_arm64_v8a_Clang_Qt_5_12_2_for_Android_ARM64_v8a-Debug/android-build/AndroidManifest.xml:40:17-55
meta-data#android.app.load_local_libs
ADDED from build-SecureSignIn-Qt-Android_for_arm64_v8a_Clang_Qt_5_12_2_for_Android_ARM64_v8a-Debug/android-build/AndroidManifest.xml:41:6-186
	android:value
		ADDED from build-SecureSignIn-Qt-Android_for_arm64_v8a_Clang_Qt_5_12_2_for_Android_ARM64_v8a-Debug/android-build/AndroidManifest.xml:41:60-184
	android:name
		ADDED from build-SecureSignIn-Qt-Android_for_arm64_v8a_Clang_Qt_5_12_2_for_Android_ARM64_v8a-Debug/android-build/AndroidManifest.xml:41:17-59
meta-data#android.app.load_local_jars
ADDED from build-SecureSignIn-Qt-Android_for_arm64_v8a_Clang_Qt_5_12_2_for_Android_ARM64_v8a-Debug/android-build/AndroidManifest.xml:42:6-119
	android:value
		ADDED from build-SecureSignIn-Qt-Android_for_arm64_v8a_Clang_Qt_5_12_2_for_Android_ARM64_v8a-Debug/android-build/AndroidManifest.xml:42:60-117
	android:name
		ADDED from build-SecureSignIn-Qt-Android_for_arm64_v8a_Clang_Qt_5_12_2_for_Android_ARM64_v8a-Debug/android-build/AndroidManifest.xml:42:17-59
meta-data#android.app.static_init_classes
ADDED from build-SecureSignIn-Qt-Android_for_arm64_v8a_Clang_Qt_5_12_2_for_Android_ARM64_v8a-Debug/android-build/AndroidManifest.xml:43:6-82
	android:value
		ADDED from build-SecureSignIn-Qt-Android_for_arm64_v8a_Clang_Qt_5_12_2_for_Android_ARM64_v8a-Debug/android-build/AndroidManifest.xml:43:64-80
	android:name
		ADDED from build-SecureSignIn-Qt-Android_for_arm64_v8a_Clang_Qt_5_12_2_for_Android_ARM64_v8a-Debug/android-build/AndroidManifest.xml:43:17-63
meta-data#android.app.ministro_not_found_msg
ADDED from build-SecureSignIn-Qt-Android_for_arm64_v8a_Clang_Qt_5_12_2_for_Android_ARM64_v8a-Debug/android-build/AndroidManifest.xml:47:6-115
	android:value
		ADDED from build-SecureSignIn-Qt-Android_for_arm64_v8a_Clang_Qt_5_12_2_for_Android_ARM64_v8a-Debug/android-build/AndroidManifest.xml:47:17-63
	android:name
		ADDED from build-SecureSignIn-Qt-Android_for_arm64_v8a_Clang_Qt_5_12_2_for_Android_ARM64_v8a-Debug/android-build/AndroidManifest.xml:47:64-113
meta-data#android.app.ministro_needed_msg
ADDED from build-SecureSignIn-Qt-Android_for_arm64_v8a_Clang_Qt_5_12_2_for_Android_ARM64_v8a-Debug/android-build/AndroidManifest.xml:48:6-109
	android:value
		ADDED from build-SecureSignIn-Qt-Android_for_arm64_v8a_Clang_Qt_5_12_2_for_Android_ARM64_v8a-Debug/android-build/AndroidManifest.xml:48:17-60
	android:name
		ADDED from build-SecureSignIn-Qt-Android_for_arm64_v8a_Clang_Qt_5_12_2_for_Android_ARM64_v8a-Debug/android-build/AndroidManifest.xml:48:61-107
meta-data#android.app.fatal_error_msg
ADDED from build-SecureSignIn-Qt-Android_for_arm64_v8a_Clang_Qt_5_12_2_for_Android_ARM64_v8a-Debug/android-build/AndroidManifest.xml:49:6-101
	android:value
		ADDED from build-SecureSignIn-Qt-Android_for_arm64_v8a_Clang_Qt_5_12_2_for_Android_ARM64_v8a-Debug/android-build/AndroidManifest.xml:49:17-56
	android:name
		ADDED from build-SecureSignIn-Qt-Android_for_arm64_v8a_Clang_Qt_5_12_2_for_Android_ARM64_v8a-Debug/android-build/AndroidManifest.xml:49:57-99
meta-data#android.app.unsupported_android_version
ADDED from build-SecureSignIn-Qt-Android_for_arm64_v8a_Clang_Qt_5_12_2_for_Android_ARM64_v8a-Debug/android-build/AndroidManifest.xml:50:6-125
	android:value
		ADDED from build-SecureSignIn-Qt-Android_for_arm64_v8a_Clang_Qt_5_12_2_for_Android_ARM64_v8a-Debug/android-build/AndroidManifest.xml:50:17-68
	android:name
		ADDED from build-SecureSignIn-Qt-Android_for_arm64_v8a_Clang_Qt_5_12_2_for_Android_ARM64_v8a-Debug/android-build/AndroidManifest.xml:50:69-123
meta-data#android.app.background_running
ADDED from build-SecureSignIn-Qt-Android_for_arm64_v8a_Clang_Qt_5_12_2_for_Android_ARM64_v8a-Debug/android-build/AndroidManifest.xml:63:6-86
	android:value
		ADDED from build-SecureSignIn-Qt-Android_for_arm64_v8a_Clang_Qt_5_12_2_for_Android_ARM64_v8a-Debug/android-build/AndroidManifest.xml:63:63-84
	android:name
		ADDED from build-SecureSignIn-Qt-Android_for_arm64_v8a_Clang_Qt_5_12_2_for_Android_ARM64_v8a-Debug/android-build/AndroidManifest.xml:63:17-62
meta-data#android.app.auto_screen_scale_factor
ADDED from build-SecureSignIn-Qt-Android_for_arm64_v8a_Clang_Qt_5_12_2_for_Android_ARM64_v8a-Debug/android-build/AndroidManifest.xml:67:6-92
	android:value
		ADDED from build-SecureSignIn-Qt-Android_for_arm64_v8a_Clang_Qt_5_12_2_for_Android_ARM64_v8a-Debug/android-build/AndroidManifest.xml:67:69-90
	android:name
		ADDED from build-SecureSignIn-Qt-Android_for_arm64_v8a_Clang_Qt_5_12_2_for_Android_ARM64_v8a-Debug/android-build/AndroidManifest.xml:67:17-68
meta-data#android.app.extract_android_style
ADDED from build-SecureSignIn-Qt-Android_for_arm64_v8a_Clang_Qt_5_12_2_for_Android_ARM64_v8a-Debug/android-build/AndroidManifest.xml:77:6-91
	android:value
		ADDED from build-SecureSignIn-Qt-Android_for_arm64_v8a_Clang_Qt_5_12_2_for_Android_ARM64_v8a-Debug/android-build/AndroidManifest.xml:77:66-89
	android:name
		ADDED from build-SecureSignIn-Qt-Android_for_arm64_v8a_Clang_Qt_5_12_2_for_Android_ARM64_v8a-Debug/android-build/AndroidManifest.xml:77:17-65